<?xml version='1.0'?>
<ns2:test-suite xmlns:ns2='urn:model.allure.qatools.yandex.ru' start='1614347083218' stop='1614347090521'>
    <name>Given the login page Testing loginpage,</name>
    <title>Given the login page Testing loginpage,</title>
    <test-cases>
        <test-case start='1614347083218' status='passed' stop='1614347084270'>
            <name>Check if corret username and password change the page and shows up success message - Positive</name>
            <title>Check if corret username and password change the page and shows up success message - Positive</title>
            <labels/>
            <parameters/>
            <steps/>
            <attachments/>
        </test-case>
        <test-case start='1614347084270' status='failed' stop='1614347084661'>
            <name>Check if button login works with enter button</name>
            <title>Check if button login works with enter button</title>
            <labels/>
            <parameters/>
            <steps/>
            <attachments/>
            <failure>
                <message>Expected 'https://the-internet.herokuapp.com/login' to be 'https://the-internet.herokuapp.com/secure'.</message>
                <stack-trace>Error: Failed expectation
                    at UserContext.&lt;anonymous> (/Users/anacarolinaoliveiradossantos/Documents/TheInternetProject/specs/login.spec.js:96:39)
                    at /Users/anacarolinaoliveiradossantos/Documents/TheInternetProject/node_modules/jasminewd2/index.js:112:25
                    at new ManagedPromise (/Users/anacarolinaoliveiradossantos/Documents/TheInternetProject/node_modules/selenium-webdriver/lib/promise.js:1077:7)
                    at ControlFlow.promise (/Users/anacarolinaoliveiradossantos/Documents/TheInternetProject/node_modules/selenium-webdriver/lib/promise.js:2505:12)
                    at schedulerExecute (/Users/anacarolinaoliveiradossantos/Documents/TheInternetProject/node_modules/jasminewd2/index.js:95:18)
                    at TaskQueue.execute_ (/Users/anacarolinaoliveiradossantos/Documents/TheInternetProject/node_modules/selenium-webdriver/lib/promise.js:3084:14)
                    at TaskQueue.executeNext_ (/Users/anacarolinaoliveiradossantos/Documents/TheInternetProject/node_modules/selenium-webdriver/lib/promise.js:3067:27)
                    at /Users/anacarolinaoliveiradossantos/Documents/TheInternetProject/node_modules/selenium-webdriver/lib/promise.js:2974:25
                    at /Users/anacarolinaoliveiradossantos/Documents/TheInternetProject/node_modules/selenium-webdriver/lib/promise.js:668:7</stack-trace>
            </failure>
        </test-case>
        <test-case start='1614347084661' status='failed' stop='1614347085553'>
            <name>Check color flag with wrong login</name>
            <title>Check color flag with wrong login</title>
            <labels/>
            <parameters/>
            <steps/>
            <attachments/>
            <failure>
                <message>Expected 'rgb(198, 15, 19)' to equal 5.</message>
                <stack-trace>Error: Failed expectation
                    at UserContext.&lt;anonymous> (/Users/anacarolinaoliveiradossantos/Documents/TheInternetProject/specs/login.spec.js:106:70)
                    at /Users/anacarolinaoliveiradossantos/Documents/TheInternetProject/node_modules/jasminewd2/index.js:112:25
                    at new ManagedPromise (/Users/anacarolinaoliveiradossantos/Documents/TheInternetProject/node_modules/selenium-webdriver/lib/promise.js:1077:7)
                    at ControlFlow.promise (/Users/anacarolinaoliveiradossantos/Documents/TheInternetProject/node_modules/selenium-webdriver/lib/promise.js:2505:12)
                    at schedulerExecute (/Users/anacarolinaoliveiradossantos/Documents/TheInternetProject/node_modules/jasminewd2/index.js:95:18)
                    at TaskQueue.execute_ (/Users/anacarolinaoliveiradossantos/Documents/TheInternetProject/node_modules/selenium-webdriver/lib/promise.js:3084:14)
                    at TaskQueue.executeNext_ (/Users/anacarolinaoliveiradossantos/Documents/TheInternetProject/node_modules/selenium-webdriver/lib/promise.js:3067:27)
                    at /Users/anacarolinaoliveiradossantos/Documents/TheInternetProject/node_modules/selenium-webdriver/lib/promise.js:2974:25
                    at /Users/anacarolinaoliveiradossantos/Documents/TheInternetProject/node_modules/selenium-webdriver/lib/promise.js:668:7</stack-trace>
            </failure>
        </test-case>
        <test-case start='1614347085553' status='passed' stop='1614347086292'>
            <name>Check if blank fields shows up error message - Negative</name>
            <title>Check if blank fields shows up error message - Negative</title>
            <labels/>
            <parameters/>
            <steps/>
            <attachments/>
        </test-case>
        <test-case start='1614347086292' status='passed' stop='1614347087520'>
            <name>Check if the button logout works on secure page - Positive</name>
            <title>Check if the button logout works on secure page - Positive</title>
            <labels/>
            <parameters/>
            <steps/>
            <attachments/>
        </test-case>
        <test-case start='1614347087520' status='failed' stop='1614347088327'>
            <name>Check color flag with correct login</name>
            <title>Check color flag with correct login</title>
            <labels/>
            <parameters/>
            <steps/>
            <attachments/>
            <failure>
                <message>Expected 'rgb(93, 164, 35)' to equal 5.</message>
                <stack-trace>Error: Failed expectation
                    at UserContext.&lt;anonymous> (/Users/anacarolinaoliveiradossantos/Documents/TheInternetProject/specs/login.spec.js:114:72)
                    at /Users/anacarolinaoliveiradossantos/Documents/TheInternetProject/node_modules/jasminewd2/index.js:112:25
                    at new ManagedPromise (/Users/anacarolinaoliveiradossantos/Documents/TheInternetProject/node_modules/selenium-webdriver/lib/promise.js:1077:7)
                    at ControlFlow.promise (/Users/anacarolinaoliveiradossantos/Documents/TheInternetProject/node_modules/selenium-webdriver/lib/promise.js:2505:12)
                    at schedulerExecute (/Users/anacarolinaoliveiradossantos/Documents/TheInternetProject/node_modules/jasminewd2/index.js:95:18)
                    at TaskQueue.execute_ (/Users/anacarolinaoliveiradossantos/Documents/TheInternetProject/node_modules/selenium-webdriver/lib/promise.js:3084:14)
                    at TaskQueue.executeNext_ (/Users/anacarolinaoliveiradossantos/Documents/TheInternetProject/node_modules/selenium-webdriver/lib/promise.js:3067:27)
                    at /Users/anacarolinaoliveiradossantos/Documents/TheInternetProject/node_modules/selenium-webdriver/lib/promise.js:2974:25
                    at /Users/anacarolinaoliveiradossantos/Documents/TheInternetProject/node_modules/selenium-webdriver/lib/promise.js:668:7</stack-trace>
            </failure>
        </test-case>
        <test-case start='1614347088327' status='passed' stop='1614347089355'>
            <name>Check wrong username and password shows up error message - Negative</name>
            <title>Check wrong username and password shows up error message - Negative</title>
            <labels/>
            <parameters/>
            <steps/>
            <attachments/>
        </test-case>
        <test-case start='1614347089355' status='passed' stop='1614347090172'>
            <name>Check if valid username and invalid password shows up error massage - Negative</name>
            <title>Check if valid username and invalid password shows up error massage - Negative</title>
            <labels/>
            <parameters/>
            <steps/>
            <attachments/>
        </test-case>
        <test-case start='1614347090172' status='pending' stop='1614347090173'>
            <name>Check if logout and press browser back button return to login page</name>
            <title>Check if logout and press browser back button return to login page</title>
            <labels/>
            <parameters/>
            <steps/>
            <attachments/>
            <failure>
                <message>Temporarily disabled with xit</message>
                <stack-trace></stack-trace>
            </failure>
        </test-case>
        <test-case start='1614347090173' status='passed' stop='1614347090520'>
            <name>Check if userNameLabel and passwordLabel shows up</name>
            <title>Check if userNameLabel and passwordLabel shows up</title>
            <labels/>
            <parameters/>
            <steps/>
            <attachments/>
        </test-case>
    </test-cases>
</ns2:test-suite>