<?xml version='1.0'?>
<ns2:test-suite xmlns:ns2='urn:model.allure.qatools.yandex.ru' start='1614348627870' stop='1614348634860'>
    <name>Given the login page Testing loginpage,</name>
    <title>Given the login page Testing loginpage,</title>
    <test-cases>
        <test-case start='1614348627870' status='failed' stop='1614348628270'>
            <name>Check if button login works with enter button</name>
            <title>Check if button login works with enter button</title>
            <labels/>
            <parameters/>
            <steps/>
            <attachments/>
            <failure>
                <message>Expected 'https://the-internet.herokuapp.com/login' to be 'https://the-internet.herokuapp.com/secure'.</message>
                <stack-trace>Error: Failed expectation
                    at UserContext.&lt;anonymous> (/Users/anacarolinaoliveiradossantos/Documents/TheInternetProject/specs/login.spec.js:96:39)
                    at /Users/anacarolinaoliveiradossantos/Documents/TheInternetProject/node_modules/jasminewd2/index.js:112:25
                    at new ManagedPromise (/Users/anacarolinaoliveiradossantos/Documents/TheInternetProject/node_modules/selenium-webdriver/lib/promise.js:1077:7)
                    at ControlFlow.promise (/Users/anacarolinaoliveiradossantos/Documents/TheInternetProject/node_modules/selenium-webdriver/lib/promise.js:2505:12)
                    at schedulerExecute (/Users/anacarolinaoliveiradossantos/Documents/TheInternetProject/node_modules/jasminewd2/index.js:95:18)
                    at TaskQueue.execute_ (/Users/anacarolinaoliveiradossantos/Documents/TheInternetProject/node_modules/selenium-webdriver/lib/promise.js:3084:14)
                    at TaskQueue.executeNext_ (/Users/anacarolinaoliveiradossantos/Documents/TheInternetProject/node_modules/selenium-webdriver/lib/promise.js:3067:27)
                    at /Users/anacarolinaoliveiradossantos/Documents/TheInternetProject/node_modules/selenium-webdriver/lib/promise.js:2974:25
                    at /Users/anacarolinaoliveiradossantos/Documents/TheInternetProject/node_modules/selenium-webdriver/lib/promise.js:668:7</stack-trace>
            </failure>
        </test-case>
        <test-case start='1614348628270' status='passed' stop='1614348629552'>
            <name>Check if the button logout works on secure page - Positive</name>
            <title>Check if the button logout works on secure page - Positive</title>
            <labels/>
            <parameters/>
            <steps/>
            <attachments/>
        </test-case>
        <test-case start='1614348629552' status='passed' stop='1614348630274'>
            <name>Check if blank fields shows up error message - Negative</name>
            <title>Check if blank fields shows up error message - Negative</title>
            <labels/>
            <parameters/>
            <steps/>
            <attachments/>
        </test-case>
        <test-case start='1614348630274' status='passed' stop='1614348631015'>
            <name>Check if corret username and password change the page and shows up success message - Positive</name>
            <title>Check if corret username and password change the page and shows up success message - Positive</title>
            <labels/>
            <parameters/>
            <steps/>
            <attachments/>
        </test-case>
        <test-case start='1614348631015' status='passed' stop='1614348631338'>
            <name>Check if userNameLabel and passwordLabel shows up</name>
            <title>Check if userNameLabel and passwordLabel shows up</title>
            <labels/>
            <parameters/>
            <steps/>
            <attachments/>
        </test-case>
        <test-case start='1614348631339' status='passed' stop='1614348632037'>
            <name>Check color flag with wrong login</name>
            <title>Check color flag with wrong login</title>
            <labels/>
            <parameters/>
            <steps/>
            <attachments/>
        </test-case>
        <test-case start='1614348632037' status='pending' stop='1614348632037'>
            <name>Check if logout and press browser back button return to login page</name>
            <title>Check if logout and press browser back button return to login page</title>
            <labels/>
            <parameters/>
            <steps/>
            <attachments/>
            <failure>
                <message>Temporarily disabled with xit</message>
                <stack-trace></stack-trace>
            </failure>
        </test-case>
        <test-case start='1614348632037' status='passed' stop='1614348632968'>
            <name>Check if valid username and invalid password shows up error massage - Negative</name>
            <title>Check if valid username and invalid password shows up error massage - Negative</title>
            <labels/>
            <parameters/>
            <steps/>
            <attachments/>
        </test-case>
        <test-case start='1614348632968' status='passed' stop='1614348633996'>
            <name>Check wrong username and password shows up error message - Negative</name>
            <title>Check wrong username and password shows up error message - Negative</title>
            <labels/>
            <parameters/>
            <steps/>
            <attachments/>
        </test-case>
        <test-case start='1614348633996' status='failed' stop='1614348634859'>
            <name>Check color flag with correct login</name>
            <title>Check color flag with correct login</title>
            <labels/>
            <parameters/>
            <steps/>
            <attachments/>
            <failure>
                <message>Expected 'rgb(93, 164, 35)' to be 5.</message>
                <stack-trace>Error: Failed expectation
                    at UserContext.&lt;anonymous> (/Users/anacarolinaoliveiradossantos/Documents/TheInternetProject/specs/login.spec.js:117:11)
                    at /Users/anacarolinaoliveiradossantos/Documents/TheInternetProject/node_modules/jasminewd2/index.js:112:25
                    at new ManagedPromise (/Users/anacarolinaoliveiradossantos/Documents/TheInternetProject/node_modules/selenium-webdriver/lib/promise.js:1077:7)
                    at ControlFlow.promise (/Users/anacarolinaoliveiradossantos/Documents/TheInternetProject/node_modules/selenium-webdriver/lib/promise.js:2505:12)
                    at schedulerExecute (/Users/anacarolinaoliveiradossantos/Documents/TheInternetProject/node_modules/jasminewd2/index.js:95:18)
                    at TaskQueue.execute_ (/Users/anacarolinaoliveiradossantos/Documents/TheInternetProject/node_modules/selenium-webdriver/lib/promise.js:3084:14)
                    at TaskQueue.executeNext_ (/Users/anacarolinaoliveiradossantos/Documents/TheInternetProject/node_modules/selenium-webdriver/lib/promise.js:3067:27)
                    at /Users/anacarolinaoliveiradossantos/Documents/TheInternetProject/node_modules/selenium-webdriver/lib/promise.js:2974:25
                    at /Users/anacarolinaoliveiradossantos/Documents/TheInternetProject/node_modules/selenium-webdriver/lib/promise.js:668:7</stack-trace>
            </failure>
        </test-case>
    </test-cases>
</ns2:test-suite>