<?xml version='1.0'?>
<ns2:test-suite xmlns:ns2='urn:model.allure.qatools.yandex.ru' start='1614676779951' stop='1614676782046'>
    <name>Given the login page Testing loginpage,</name>
    <title>Given the login page Testing loginpage,</title>
    <test-cases>
        <test-case start='1614676779951' status='failed' stop='1614676780351'>
            <name>Check if the button logout works on secure page - Positive</name>
            <title>Check if the button logout works on secure page - Positive</title>
            <labels/>
            <parameters/>
            <steps/>
            <attachments/>
            <failure>
                <message>Failed: Cannot read property 'sendKeys' of undefined</message>
                <stack-trace>TypeError: Cannot read property 'sendKeys' of undefined
                    at UserContext.&lt;anonymous> (/Users/anacarolinaoliveiradossantos/Documents/TheInternetProject/specs/login.spec.js:78:31)
                    at /Users/anacarolinaoliveiradossantos/Documents/TheInternetProject/node_modules/jasminewd2/index.js:112:25
                    at new ManagedPromise (/Users/anacarolinaoliveiradossantos/Documents/TheInternetProject/node_modules/selenium-webdriver/lib/promise.js:1077:7)
                    at ControlFlow.promise (/Users/anacarolinaoliveiradossantos/Documents/TheInternetProject/node_modules/selenium-webdriver/lib/promise.js:2505:12)
                    at schedulerExecute (/Users/anacarolinaoliveiradossantos/Documents/TheInternetProject/node_modules/jasminewd2/index.js:95:18)
                    at TaskQueue.execute_ (/Users/anacarolinaoliveiradossantos/Documents/TheInternetProject/node_modules/selenium-webdriver/lib/promise.js:3084:14)
                    at TaskQueue.executeNext_ (/Users/anacarolinaoliveiradossantos/Documents/TheInternetProject/node_modules/selenium-webdriver/lib/promise.js:3067:27)
                    at /Users/anacarolinaoliveiradossantos/Documents/TheInternetProject/node_modules/selenium-webdriver/lib/promise.js:2974:25
                    at /Users/anacarolinaoliveiradossantos/Documents/TheInternetProject/node_modules/selenium-webdriver/lib/promise.js:668:7
                    at processTicksAndRejections (internal/process/task_queues.js:97:5)
                From: Task: Run it("Check if the button logout works on secure page - Positive") in control flow
                    at UserContext.&lt;anonymous> (/Users/anacarolinaoliveiradossantos/Documents/TheInternetProject/node_modules/jasminewd2/index.js:94:19)
                    at attempt (/Users/anacarolinaoliveiradossantos/Documents/TheInternetProject/node_modules/jasmine-core/lib/jasmine-core/jasmine.js:4297:26)
                    at QueueRunner.run (/Users/anacarolinaoliveiradossantos/Documents/TheInternetProject/node_modules/jasmine-core/lib/jasmine-core/jasmine.js:4217:20)
                    at runNext (/Users/anacarolinaoliveiradossantos/Documents/TheInternetProject/node_modules/jasmine-core/lib/jasmine-core/jasmine.js:4257:20)
                    at /Users/anacarolinaoliveiradossantos/Documents/TheInternetProject/node_modules/jasmine-core/lib/jasmine-core/jasmine.js:4264:13
                    at /Users/anacarolinaoliveiradossantos/Documents/TheInternetProject/node_modules/jasmine-core/lib/jasmine-core/jasmine.js:4172:9
                    at /Users/anacarolinaoliveiradossantos/Documents/TheInternetProject/node_modules/jasminewd2/index.js:64:48
                    at ControlFlow.emit (/Users/anacarolinaoliveiradossantos/Documents/TheInternetProject/node_modules/selenium-webdriver/lib/events.js:62:21)
                    at ControlFlow.shutdown_ (/Users/anacarolinaoliveiradossantos/Documents/TheInternetProject/node_modules/selenium-webdriver/lib/promise.js:2674:10)
                    at /Users/anacarolinaoliveiradossantos/Documents/TheInternetProject/node_modules/selenium-webdriver/lib/promise.js:2599:53
                From asynchronous test: 
                Error
                    at Suite.&lt;anonymous> (/Users/anacarolinaoliveiradossantos/Documents/TheInternetProject/specs/login.spec.js:77:5)
                    at addSpecsToSuite (/Users/anacarolinaoliveiradossantos/Documents/TheInternetProject/node_modules/jasmine-core/lib/jasmine-core/jasmine.js:1107:25)
                    at Env.describe (/Users/anacarolinaoliveiradossantos/Documents/TheInternetProject/node_modules/jasmine-core/lib/jasmine-core/jasmine.js:1074:7)
                    at describe (/Users/anacarolinaoliveiradossantos/Documents/TheInternetProject/node_modules/jasmine-core/lib/jasmine-core/jasmine.js:4399:18)
                    at Suite.&lt;anonymous> (/Users/anacarolinaoliveiradossantos/Documents/TheInternetProject/specs/login.spec.js:21:3)
                    at addSpecsToSuite (/Users/anacarolinaoliveiradossantos/Documents/TheInternetProject/node_modules/jasmine-core/lib/jasmine-core/jasmine.js:1107:25)
                    at Env.describe (/Users/anacarolinaoliveiradossantos/Documents/TheInternetProject/node_modules/jasmine-core/lib/jasmine-core/jasmine.js:1074:7)
                    at describe (/Users/anacarolinaoliveiradossantos/Documents/TheInternetProject/node_modules/jasmine-core/lib/jasmine-core/jasmine.js:4399:18)
                    at Object.&lt;anonymous> (/Users/anacarolinaoliveiradossantos/Documents/TheInternetProject/specs/login.spec.js:7:1)</stack-trace>
            </failure>
        </test-case>
        <test-case start='1614676780351' status='failed' stop='1614676780546'>
            <name>Check wrong username and password shows up error message - Negative</name>
            <title>Check wrong username and password shows up error message - Negative</title>
            <labels/>
            <parameters/>
            <steps/>
            <attachments/>
            <failure>
                <message>Failed: Cannot read property 'sendKeys' of undefined</message>
                <stack-trace>TypeError: Cannot read property 'sendKeys' of undefined
                    at UserContext.&lt;anonymous> (/Users/anacarolinaoliveiradossantos/Documents/TheInternetProject/specs/login.spec.js:49:31)
                    at /Users/anacarolinaoliveiradossantos/Documents/TheInternetProject/node_modules/jasminewd2/index.js:112:25
                    at new ManagedPromise (/Users/anacarolinaoliveiradossantos/Documents/TheInternetProject/node_modules/selenium-webdriver/lib/promise.js:1077:7)
                    at ControlFlow.promise (/Users/anacarolinaoliveiradossantos/Documents/TheInternetProject/node_modules/selenium-webdriver/lib/promise.js:2505:12)
                    at schedulerExecute (/Users/anacarolinaoliveiradossantos/Documents/TheInternetProject/node_modules/jasminewd2/index.js:95:18)
                    at TaskQueue.execute_ (/Users/anacarolinaoliveiradossantos/Documents/TheInternetProject/node_modules/selenium-webdriver/lib/promise.js:3084:14)
                    at TaskQueue.executeNext_ (/Users/anacarolinaoliveiradossantos/Documents/TheInternetProject/node_modules/selenium-webdriver/lib/promise.js:3067:27)
                    at /Users/anacarolinaoliveiradossantos/Documents/TheInternetProject/node_modules/selenium-webdriver/lib/promise.js:2974:25
                    at /Users/anacarolinaoliveiradossantos/Documents/TheInternetProject/node_modules/selenium-webdriver/lib/promise.js:668:7
                    at processTicksAndRejections (internal/process/task_queues.js:97:5)
                From: Task: Run it("Check wrong username and password shows up error message - Negative") in control flow
                    at UserContext.&lt;anonymous> (/Users/anacarolinaoliveiradossantos/Documents/TheInternetProject/node_modules/jasminewd2/index.js:94:19)
                    at attempt (/Users/anacarolinaoliveiradossantos/Documents/TheInternetProject/node_modules/jasmine-core/lib/jasmine-core/jasmine.js:4297:26)
                    at QueueRunner.run (/Users/anacarolinaoliveiradossantos/Documents/TheInternetProject/node_modules/jasmine-core/lib/jasmine-core/jasmine.js:4217:20)
                    at runNext (/Users/anacarolinaoliveiradossantos/Documents/TheInternetProject/node_modules/jasmine-core/lib/jasmine-core/jasmine.js:4257:20)
                    at /Users/anacarolinaoliveiradossantos/Documents/TheInternetProject/node_modules/jasmine-core/lib/jasmine-core/jasmine.js:4264:13
                    at /Users/anacarolinaoliveiradossantos/Documents/TheInternetProject/node_modules/jasmine-core/lib/jasmine-core/jasmine.js:4172:9
                    at /Users/anacarolinaoliveiradossantos/Documents/TheInternetProject/node_modules/jasminewd2/index.js:64:48
                    at ControlFlow.emit (/Users/anacarolinaoliveiradossantos/Documents/TheInternetProject/node_modules/selenium-webdriver/lib/events.js:62:21)
                    at ControlFlow.shutdown_ (/Users/anacarolinaoliveiradossantos/Documents/TheInternetProject/node_modules/selenium-webdriver/lib/promise.js:2674:10)
                    at /Users/anacarolinaoliveiradossantos/Documents/TheInternetProject/node_modules/selenium-webdriver/lib/promise.js:2599:53
                From asynchronous test: 
                Error
                    at Suite.&lt;anonymous> (/Users/anacarolinaoliveiradossantos/Documents/TheInternetProject/specs/login.spec.js:48:5)
                    at addSpecsToSuite (/Users/anacarolinaoliveiradossantos/Documents/TheInternetProject/node_modules/jasmine-core/lib/jasmine-core/jasmine.js:1107:25)
                    at Env.describe (/Users/anacarolinaoliveiradossantos/Documents/TheInternetProject/node_modules/jasmine-core/lib/jasmine-core/jasmine.js:1074:7)
                    at describe (/Users/anacarolinaoliveiradossantos/Documents/TheInternetProject/node_modules/jasmine-core/lib/jasmine-core/jasmine.js:4399:18)
                    at Suite.&lt;anonymous> (/Users/anacarolinaoliveiradossantos/Documents/TheInternetProject/specs/login.spec.js:21:3)
                    at addSpecsToSuite (/Users/anacarolinaoliveiradossantos/Documents/TheInternetProject/node_modules/jasmine-core/lib/jasmine-core/jasmine.js:1107:25)
                    at Env.describe (/Users/anacarolinaoliveiradossantos/Documents/TheInternetProject/node_modules/jasmine-core/lib/jasmine-core/jasmine.js:1074:7)
                    at describe (/Users/anacarolinaoliveiradossantos/Documents/TheInternetProject/node_modules/jasmine-core/lib/jasmine-core/jasmine.js:4399:18)
                    at Object.&lt;anonymous> (/Users/anacarolinaoliveiradossantos/Documents/TheInternetProject/specs/login.spec.js:7:1)</stack-trace>
            </failure>
        </test-case>
        <test-case start='1614676780546' status='passed' stop='1614676780829'>
            <name>Check if userNameLabel and passwordLabel shows up - Positive</name>
            <title>Check if userNameLabel and passwordLabel shows up - Positive</title>
            <labels/>
            <parameters/>
            <steps/>
            <attachments/>
        </test-case>
        <test-case start='1614676780829' status='failed' stop='1614676781031'>
            <name>Check if corret username and password change the page and shows up success message - Positive</name>
            <title>Check if corret username and password change the page and shows up success message - Positive</title>
            <labels/>
            <parameters/>
            <steps/>
            <attachments/>
            <failure>
                <message>Failed: Cannot read property 'sendKeys' of undefined</message>
                <stack-trace>TypeError: Cannot read property 'sendKeys' of undefined
                    at UserContext.&lt;anonymous> (/Users/anacarolinaoliveiradossantos/Documents/TheInternetProject/specs/login.spec.js:37:31)
                    at /Users/anacarolinaoliveiradossantos/Documents/TheInternetProject/node_modules/jasminewd2/index.js:112:25
                    at new ManagedPromise (/Users/anacarolinaoliveiradossantos/Documents/TheInternetProject/node_modules/selenium-webdriver/lib/promise.js:1077:7)
                    at ControlFlow.promise (/Users/anacarolinaoliveiradossantos/Documents/TheInternetProject/node_modules/selenium-webdriver/lib/promise.js:2505:12)
                    at schedulerExecute (/Users/anacarolinaoliveiradossantos/Documents/TheInternetProject/node_modules/jasminewd2/index.js:95:18)
                    at TaskQueue.execute_ (/Users/anacarolinaoliveiradossantos/Documents/TheInternetProject/node_modules/selenium-webdriver/lib/promise.js:3084:14)
                    at TaskQueue.executeNext_ (/Users/anacarolinaoliveiradossantos/Documents/TheInternetProject/node_modules/selenium-webdriver/lib/promise.js:3067:27)
                    at /Users/anacarolinaoliveiradossantos/Documents/TheInternetProject/node_modules/selenium-webdriver/lib/promise.js:2974:25
                    at /Users/anacarolinaoliveiradossantos/Documents/TheInternetProject/node_modules/selenium-webdriver/lib/promise.js:668:7
                    at processTicksAndRejections (internal/process/task_queues.js:97:5)
                From: Task: Run it("Check if corret username and password change the page and shows up success message - Positive") in control flow
                    at UserContext.&lt;anonymous> (/Users/anacarolinaoliveiradossantos/Documents/TheInternetProject/node_modules/jasminewd2/index.js:94:19)
                    at attempt (/Users/anacarolinaoliveiradossantos/Documents/TheInternetProject/node_modules/jasmine-core/lib/jasmine-core/jasmine.js:4297:26)
                    at QueueRunner.run (/Users/anacarolinaoliveiradossantos/Documents/TheInternetProject/node_modules/jasmine-core/lib/jasmine-core/jasmine.js:4217:20)
                    at runNext (/Users/anacarolinaoliveiradossantos/Documents/TheInternetProject/node_modules/jasmine-core/lib/jasmine-core/jasmine.js:4257:20)
                    at /Users/anacarolinaoliveiradossantos/Documents/TheInternetProject/node_modules/jasmine-core/lib/jasmine-core/jasmine.js:4264:13
                    at /Users/anacarolinaoliveiradossantos/Documents/TheInternetProject/node_modules/jasmine-core/lib/jasmine-core/jasmine.js:4172:9
                    at /Users/anacarolinaoliveiradossantos/Documents/TheInternetProject/node_modules/jasminewd2/index.js:64:48
                    at ControlFlow.emit (/Users/anacarolinaoliveiradossantos/Documents/TheInternetProject/node_modules/selenium-webdriver/lib/events.js:62:21)
                    at ControlFlow.shutdown_ (/Users/anacarolinaoliveiradossantos/Documents/TheInternetProject/node_modules/selenium-webdriver/lib/promise.js:2674:10)
                    at /Users/anacarolinaoliveiradossantos/Documents/TheInternetProject/node_modules/selenium-webdriver/lib/promise.js:2599:53
                From asynchronous test: 
                Error
                    at Suite.&lt;anonymous> (/Users/anacarolinaoliveiradossantos/Documents/TheInternetProject/specs/login.spec.js:35:5)
                    at addSpecsToSuite (/Users/anacarolinaoliveiradossantos/Documents/TheInternetProject/node_modules/jasmine-core/lib/jasmine-core/jasmine.js:1107:25)
                    at Env.describe (/Users/anacarolinaoliveiradossantos/Documents/TheInternetProject/node_modules/jasmine-core/lib/jasmine-core/jasmine.js:1074:7)
                    at describe (/Users/anacarolinaoliveiradossantos/Documents/TheInternetProject/node_modules/jasmine-core/lib/jasmine-core/jasmine.js:4399:18)
                    at Suite.&lt;anonymous> (/Users/anacarolinaoliveiradossantos/Documents/TheInternetProject/specs/login.spec.js:21:3)
                    at addSpecsToSuite (/Users/anacarolinaoliveiradossantos/Documents/TheInternetProject/node_modules/jasmine-core/lib/jasmine-core/jasmine.js:1107:25)
                    at Env.describe (/Users/anacarolinaoliveiradossantos/Documents/TheInternetProject/node_modules/jasmine-core/lib/jasmine-core/jasmine.js:1074:7)
                    at describe (/Users/anacarolinaoliveiradossantos/Documents/TheInternetProject/node_modules/jasmine-core/lib/jasmine-core/jasmine.js:4399:18)
                    at Object.&lt;anonymous> (/Users/anacarolinaoliveiradossantos/Documents/TheInternetProject/specs/login.spec.js:7:1)</stack-trace>
            </failure>
        </test-case>
        <test-case start='1614676781031' status='failed' stop='1614676781231'>
            <name>Check if valid username and invalid password shows up error massage - Negative</name>
            <title>Check if valid username and invalid password shows up error massage - Negative</title>
            <labels/>
            <parameters/>
            <steps/>
            <attachments/>
            <failure>
                <message>Failed: Cannot read property 'sendKeys' of undefined</message>
                <stack-trace>TypeError: Cannot read property 'sendKeys' of undefined
                    at UserContext.&lt;anonymous> (/Users/anacarolinaoliveiradossantos/Documents/TheInternetProject/specs/login.spec.js:59:31)
                    at /Users/anacarolinaoliveiradossantos/Documents/TheInternetProject/node_modules/jasminewd2/index.js:112:25
                    at new ManagedPromise (/Users/anacarolinaoliveiradossantos/Documents/TheInternetProject/node_modules/selenium-webdriver/lib/promise.js:1077:7)
                    at ControlFlow.promise (/Users/anacarolinaoliveiradossantos/Documents/TheInternetProject/node_modules/selenium-webdriver/lib/promise.js:2505:12)
                    at schedulerExecute (/Users/anacarolinaoliveiradossantos/Documents/TheInternetProject/node_modules/jasminewd2/index.js:95:18)
                    at TaskQueue.execute_ (/Users/anacarolinaoliveiradossantos/Documents/TheInternetProject/node_modules/selenium-webdriver/lib/promise.js:3084:14)
                    at TaskQueue.executeNext_ (/Users/anacarolinaoliveiradossantos/Documents/TheInternetProject/node_modules/selenium-webdriver/lib/promise.js:3067:27)
                    at /Users/anacarolinaoliveiradossantos/Documents/TheInternetProject/node_modules/selenium-webdriver/lib/promise.js:2974:25
                    at /Users/anacarolinaoliveiradossantos/Documents/TheInternetProject/node_modules/selenium-webdriver/lib/promise.js:668:7
                    at processTicksAndRejections (internal/process/task_queues.js:97:5)
                From: Task: Run it("Check if valid username and invalid password shows up error massage - Negative") in control flow
                    at UserContext.&lt;anonymous> (/Users/anacarolinaoliveiradossantos/Documents/TheInternetProject/node_modules/jasminewd2/index.js:94:19)
                    at attempt (/Users/anacarolinaoliveiradossantos/Documents/TheInternetProject/node_modules/jasmine-core/lib/jasmine-core/jasmine.js:4297:26)
                    at QueueRunner.run (/Users/anacarolinaoliveiradossantos/Documents/TheInternetProject/node_modules/jasmine-core/lib/jasmine-core/jasmine.js:4217:20)
                    at runNext (/Users/anacarolinaoliveiradossantos/Documents/TheInternetProject/node_modules/jasmine-core/lib/jasmine-core/jasmine.js:4257:20)
                    at /Users/anacarolinaoliveiradossantos/Documents/TheInternetProject/node_modules/jasmine-core/lib/jasmine-core/jasmine.js:4264:13
                    at /Users/anacarolinaoliveiradossantos/Documents/TheInternetProject/node_modules/jasmine-core/lib/jasmine-core/jasmine.js:4172:9
                    at /Users/anacarolinaoliveiradossantos/Documents/TheInternetProject/node_modules/jasminewd2/index.js:64:48
                    at ControlFlow.emit (/Users/anacarolinaoliveiradossantos/Documents/TheInternetProject/node_modules/selenium-webdriver/lib/events.js:62:21)
                    at ControlFlow.shutdown_ (/Users/anacarolinaoliveiradossantos/Documents/TheInternetProject/node_modules/selenium-webdriver/lib/promise.js:2674:10)
                    at /Users/anacarolinaoliveiradossantos/Documents/TheInternetProject/node_modules/selenium-webdriver/lib/promise.js:2599:53
                From asynchronous test: 
                Error
                    at Suite.&lt;anonymous> (/Users/anacarolinaoliveiradossantos/Documents/TheInternetProject/specs/login.spec.js:58:5)
                    at addSpecsToSuite (/Users/anacarolinaoliveiradossantos/Documents/TheInternetProject/node_modules/jasmine-core/lib/jasmine-core/jasmine.js:1107:25)
                    at Env.describe (/Users/anacarolinaoliveiradossantos/Documents/TheInternetProject/node_modules/jasmine-core/lib/jasmine-core/jasmine.js:1074:7)
                    at describe (/Users/anacarolinaoliveiradossantos/Documents/TheInternetProject/node_modules/jasmine-core/lib/jasmine-core/jasmine.js:4399:18)
                    at Suite.&lt;anonymous> (/Users/anacarolinaoliveiradossantos/Documents/TheInternetProject/specs/login.spec.js:21:3)
                    at addSpecsToSuite (/Users/anacarolinaoliveiradossantos/Documents/TheInternetProject/node_modules/jasmine-core/lib/jasmine-core/jasmine.js:1107:25)
                    at Env.describe (/Users/anacarolinaoliveiradossantos/Documents/TheInternetProject/node_modules/jasmine-core/lib/jasmine-core/jasmine.js:1074:7)
                    at describe (/Users/anacarolinaoliveiradossantos/Documents/TheInternetProject/node_modules/jasmine-core/lib/jasmine-core/jasmine.js:4399:18)
                    at Object.&lt;anonymous> (/Users/anacarolinaoliveiradossantos/Documents/TheInternetProject/specs/login.spec.js:7:1)</stack-trace>
            </failure>
        </test-case>
        <test-case start='1614676781231' status='failed' stop='1614676781430'>
            <name>Check if button login works with enter button</name>
            <title>Check if button login works with enter button</title>
            <labels/>
            <parameters/>
            <steps/>
            <attachments/>
            <failure>
                <message>Failed: Cannot read property 'sendKeys' of undefined</message>
                <stack-trace>TypeError: Cannot read property 'sendKeys' of undefined
                    at /Users/anacarolinaoliveiradossantos/Documents/TheInternetProject/specs/login.spec.js:99:35
                    at ManagedPromise.invokeCallback_ (/Users/anacarolinaoliveiradossantos/Documents/TheInternetProject/node_modules/selenium-webdriver/lib/promise.js:1376:14)
                    at TaskQueue.execute_ (/Users/anacarolinaoliveiradossantos/Documents/TheInternetProject/node_modules/selenium-webdriver/lib/promise.js:3084:14)
                    at TaskQueue.executeNext_ (/Users/anacarolinaoliveiradossantos/Documents/TheInternetProject/node_modules/selenium-webdriver/lib/promise.js:3067:27)
                    at /Users/anacarolinaoliveiradossantos/Documents/TheInternetProject/node_modules/selenium-webdriver/lib/promise.js:2927:27
                    at /Users/anacarolinaoliveiradossantos/Documents/TheInternetProject/node_modules/selenium-webdriver/lib/promise.js:668:7
                    at processTicksAndRejections (internal/process/task_queues.js:97:5)
                From: Task: Run it("Check if button login works with enter button") in control flow
                    at UserContext.&lt;anonymous> (/Users/anacarolinaoliveiradossantos/Documents/TheInternetProject/node_modules/jasminewd2/index.js:94:19)
                    at attempt (/Users/anacarolinaoliveiradossantos/Documents/TheInternetProject/node_modules/jasmine-core/lib/jasmine-core/jasmine.js:4297:26)
                    at QueueRunner.run (/Users/anacarolinaoliveiradossantos/Documents/TheInternetProject/node_modules/jasmine-core/lib/jasmine-core/jasmine.js:4217:20)
                    at runNext (/Users/anacarolinaoliveiradossantos/Documents/TheInternetProject/node_modules/jasmine-core/lib/jasmine-core/jasmine.js:4257:20)
                    at /Users/anacarolinaoliveiradossantos/Documents/TheInternetProject/node_modules/jasmine-core/lib/jasmine-core/jasmine.js:4264:13
                    at /Users/anacarolinaoliveiradossantos/Documents/TheInternetProject/node_modules/jasmine-core/lib/jasmine-core/jasmine.js:4172:9
                    at /Users/anacarolinaoliveiradossantos/Documents/TheInternetProject/node_modules/jasminewd2/index.js:64:48
                    at ControlFlow.emit (/Users/anacarolinaoliveiradossantos/Documents/TheInternetProject/node_modules/selenium-webdriver/lib/events.js:62:21)
                    at ControlFlow.shutdown_ (/Users/anacarolinaoliveiradossantos/Documents/TheInternetProject/node_modules/selenium-webdriver/lib/promise.js:2674:10)
                    at /Users/anacarolinaoliveiradossantos/Documents/TheInternetProject/node_modules/selenium-webdriver/lib/promise.js:2599:53
                From asynchronous test: 
                Error
                    at Suite.&lt;anonymous> (/Users/anacarolinaoliveiradossantos/Documents/TheInternetProject/specs/login.spec.js:93:5)
                    at addSpecsToSuite (/Users/anacarolinaoliveiradossantos/Documents/TheInternetProject/node_modules/jasmine-core/lib/jasmine-core/jasmine.js:1107:25)
                    at Env.describe (/Users/anacarolinaoliveiradossantos/Documents/TheInternetProject/node_modules/jasmine-core/lib/jasmine-core/jasmine.js:1074:7)
                    at describe (/Users/anacarolinaoliveiradossantos/Documents/TheInternetProject/node_modules/jasmine-core/lib/jasmine-core/jasmine.js:4399:18)
                    at Suite.&lt;anonymous> (/Users/anacarolinaoliveiradossantos/Documents/TheInternetProject/specs/login.spec.js:21:3)
                    at addSpecsToSuite (/Users/anacarolinaoliveiradossantos/Documents/TheInternetProject/node_modules/jasmine-core/lib/jasmine-core/jasmine.js:1107:25)
                    at Env.describe (/Users/anacarolinaoliveiradossantos/Documents/TheInternetProject/node_modules/jasmine-core/lib/jasmine-core/jasmine.js:1074:7)
                    at describe (/Users/anacarolinaoliveiradossantos/Documents/TheInternetProject/node_modules/jasmine-core/lib/jasmine-core/jasmine.js:4399:18)
                    at Object.&lt;anonymous> (/Users/anacarolinaoliveiradossantos/Documents/TheInternetProject/specs/login.spec.js:7:1)</stack-trace>
            </failure>
        </test-case>
        <test-case start='1614676781431' status='failed' stop='1614676781634'>
            <name>Check color flag with wrong login</name>
            <title>Check color flag with wrong login</title>
            <labels/>
            <parameters/>
            <steps/>
            <attachments/>
            <failure>
                <message>Failed: Cannot read property 'sendKeys' of undefined</message>
                <stack-trace>TypeError: Cannot read property 'sendKeys' of undefined
                    at UserContext.&lt;anonymous> (/Users/anacarolinaoliveiradossantos/Documents/TheInternetProject/specs/login.spec.js:111:31)
                    at /Users/anacarolinaoliveiradossantos/Documents/TheInternetProject/node_modules/jasminewd2/index.js:112:25
                    at new ManagedPromise (/Users/anacarolinaoliveiradossantos/Documents/TheInternetProject/node_modules/selenium-webdriver/lib/promise.js:1077:7)
                    at ControlFlow.promise (/Users/anacarolinaoliveiradossantos/Documents/TheInternetProject/node_modules/selenium-webdriver/lib/promise.js:2505:12)
                    at schedulerExecute (/Users/anacarolinaoliveiradossantos/Documents/TheInternetProject/node_modules/jasminewd2/index.js:95:18)
                    at TaskQueue.execute_ (/Users/anacarolinaoliveiradossantos/Documents/TheInternetProject/node_modules/selenium-webdriver/lib/promise.js:3084:14)
                    at TaskQueue.executeNext_ (/Users/anacarolinaoliveiradossantos/Documents/TheInternetProject/node_modules/selenium-webdriver/lib/promise.js:3067:27)
                    at /Users/anacarolinaoliveiradossantos/Documents/TheInternetProject/node_modules/selenium-webdriver/lib/promise.js:2974:25
                    at /Users/anacarolinaoliveiradossantos/Documents/TheInternetProject/node_modules/selenium-webdriver/lib/promise.js:668:7
                    at processTicksAndRejections (internal/process/task_queues.js:97:5)
                From: Task: Run it("Check color flag with wrong login") in control flow
                    at UserContext.&lt;anonymous> (/Users/anacarolinaoliveiradossantos/Documents/TheInternetProject/node_modules/jasminewd2/index.js:94:19)
                    at attempt (/Users/anacarolinaoliveiradossantos/Documents/TheInternetProject/node_modules/jasmine-core/lib/jasmine-core/jasmine.js:4297:26)
                    at QueueRunner.run (/Users/anacarolinaoliveiradossantos/Documents/TheInternetProject/node_modules/jasmine-core/lib/jasmine-core/jasmine.js:4217:20)
                    at runNext (/Users/anacarolinaoliveiradossantos/Documents/TheInternetProject/node_modules/jasmine-core/lib/jasmine-core/jasmine.js:4257:20)
                    at /Users/anacarolinaoliveiradossantos/Documents/TheInternetProject/node_modules/jasmine-core/lib/jasmine-core/jasmine.js:4264:13
                    at /Users/anacarolinaoliveiradossantos/Documents/TheInternetProject/node_modules/jasmine-core/lib/jasmine-core/jasmine.js:4172:9
                    at /Users/anacarolinaoliveiradossantos/Documents/TheInternetProject/node_modules/jasminewd2/index.js:64:48
                    at ControlFlow.emit (/Users/anacarolinaoliveiradossantos/Documents/TheInternetProject/node_modules/selenium-webdriver/lib/events.js:62:21)
                    at ControlFlow.shutdown_ (/Users/anacarolinaoliveiradossantos/Documents/TheInternetProject/node_modules/selenium-webdriver/lib/promise.js:2674:10)
                    at /Users/anacarolinaoliveiradossantos/Documents/TheInternetProject/node_modules/selenium-webdriver/lib/promise.js:2599:53
                From asynchronous test: 
                Error
                    at Suite.&lt;anonymous> (/Users/anacarolinaoliveiradossantos/Documents/TheInternetProject/specs/login.spec.js:110:5)
                    at addSpecsToSuite (/Users/anacarolinaoliveiradossantos/Documents/TheInternetProject/node_modules/jasmine-core/lib/jasmine-core/jasmine.js:1107:25)
                    at Env.describe (/Users/anacarolinaoliveiradossantos/Documents/TheInternetProject/node_modules/jasmine-core/lib/jasmine-core/jasmine.js:1074:7)
                    at describe (/Users/anacarolinaoliveiradossantos/Documents/TheInternetProject/node_modules/jasmine-core/lib/jasmine-core/jasmine.js:4399:18)
                    at Suite.&lt;anonymous> (/Users/anacarolinaoliveiradossantos/Documents/TheInternetProject/specs/login.spec.js:21:3)
                    at addSpecsToSuite (/Users/anacarolinaoliveiradossantos/Documents/TheInternetProject/node_modules/jasmine-core/lib/jasmine-core/jasmine.js:1107:25)
                    at Env.describe (/Users/anacarolinaoliveiradossantos/Documents/TheInternetProject/node_modules/jasmine-core/lib/jasmine-core/jasmine.js:1074:7)
                    at describe (/Users/anacarolinaoliveiradossantos/Documents/TheInternetProject/node_modules/jasmine-core/lib/jasmine-core/jasmine.js:4399:18)
                    at Object.&lt;anonymous> (/Users/anacarolinaoliveiradossantos/Documents/TheInternetProject/specs/login.spec.js:7:1)</stack-trace>
            </failure>
        </test-case>
        <test-case start='1614676781634' status='failed' stop='1614676781840'>
            <name>Check if blank fields shows up error message - Negative</name>
            <title>Check if blank fields shows up error message - Negative</title>
            <labels/>
            <parameters/>
            <steps/>
            <attachments/>
            <failure>
                <message>Failed: Cannot read property 'sendKeys' of undefined</message>
                <stack-trace>TypeError: Cannot read property 'sendKeys' of undefined
                    at UserContext.&lt;anonymous> (/Users/anacarolinaoliveiradossantos/Documents/TheInternetProject/specs/login.spec.js:69:31)
                    at /Users/anacarolinaoliveiradossantos/Documents/TheInternetProject/node_modules/jasminewd2/index.js:112:25
                    at new ManagedPromise (/Users/anacarolinaoliveiradossantos/Documents/TheInternetProject/node_modules/selenium-webdriver/lib/promise.js:1077:7)
                    at ControlFlow.promise (/Users/anacarolinaoliveiradossantos/Documents/TheInternetProject/node_modules/selenium-webdriver/lib/promise.js:2505:12)
                    at schedulerExecute (/Users/anacarolinaoliveiradossantos/Documents/TheInternetProject/node_modules/jasminewd2/index.js:95:18)
                    at TaskQueue.execute_ (/Users/anacarolinaoliveiradossantos/Documents/TheInternetProject/node_modules/selenium-webdriver/lib/promise.js:3084:14)
                    at TaskQueue.executeNext_ (/Users/anacarolinaoliveiradossantos/Documents/TheInternetProject/node_modules/selenium-webdriver/lib/promise.js:3067:27)
                    at /Users/anacarolinaoliveiradossantos/Documents/TheInternetProject/node_modules/selenium-webdriver/lib/promise.js:2974:25
                    at /Users/anacarolinaoliveiradossantos/Documents/TheInternetProject/node_modules/selenium-webdriver/lib/promise.js:668:7
                    at processTicksAndRejections (internal/process/task_queues.js:97:5)
                From: Task: Run it("Check if blank fields shows up error message - Negative") in control flow
                    at UserContext.&lt;anonymous> (/Users/anacarolinaoliveiradossantos/Documents/TheInternetProject/node_modules/jasminewd2/index.js:94:19)
                    at attempt (/Users/anacarolinaoliveiradossantos/Documents/TheInternetProject/node_modules/jasmine-core/lib/jasmine-core/jasmine.js:4297:26)
                    at QueueRunner.run (/Users/anacarolinaoliveiradossantos/Documents/TheInternetProject/node_modules/jasmine-core/lib/jasmine-core/jasmine.js:4217:20)
                    at runNext (/Users/anacarolinaoliveiradossantos/Documents/TheInternetProject/node_modules/jasmine-core/lib/jasmine-core/jasmine.js:4257:20)
                    at /Users/anacarolinaoliveiradossantos/Documents/TheInternetProject/node_modules/jasmine-core/lib/jasmine-core/jasmine.js:4264:13
                    at /Users/anacarolinaoliveiradossantos/Documents/TheInternetProject/node_modules/jasmine-core/lib/jasmine-core/jasmine.js:4172:9
                    at /Users/anacarolinaoliveiradossantos/Documents/TheInternetProject/node_modules/jasminewd2/index.js:64:48
                    at ControlFlow.emit (/Users/anacarolinaoliveiradossantos/Documents/TheInternetProject/node_modules/selenium-webdriver/lib/events.js:62:21)
                    at ControlFlow.shutdown_ (/Users/anacarolinaoliveiradossantos/Documents/TheInternetProject/node_modules/selenium-webdriver/lib/promise.js:2674:10)
                    at /Users/anacarolinaoliveiradossantos/Documents/TheInternetProject/node_modules/selenium-webdriver/lib/promise.js:2599:53
                From asynchronous test: 
                Error
                    at Suite.&lt;anonymous> (/Users/anacarolinaoliveiradossantos/Documents/TheInternetProject/specs/login.spec.js:68:5)
                    at addSpecsToSuite (/Users/anacarolinaoliveiradossantos/Documents/TheInternetProject/node_modules/jasmine-core/lib/jasmine-core/jasmine.js:1107:25)
                    at Env.describe (/Users/anacarolinaoliveiradossantos/Documents/TheInternetProject/node_modules/jasmine-core/lib/jasmine-core/jasmine.js:1074:7)
                    at describe (/Users/anacarolinaoliveiradossantos/Documents/TheInternetProject/node_modules/jasmine-core/lib/jasmine-core/jasmine.js:4399:18)
                    at Suite.&lt;anonymous> (/Users/anacarolinaoliveiradossantos/Documents/TheInternetProject/specs/login.spec.js:21:3)
                    at addSpecsToSuite (/Users/anacarolinaoliveiradossantos/Documents/TheInternetProject/node_modules/jasmine-core/lib/jasmine-core/jasmine.js:1107:25)
                    at Env.describe (/Users/anacarolinaoliveiradossantos/Documents/TheInternetProject/node_modules/jasmine-core/lib/jasmine-core/jasmine.js:1074:7)
                    at describe (/Users/anacarolinaoliveiradossantos/Documents/TheInternetProject/node_modules/jasmine-core/lib/jasmine-core/jasmine.js:4399:18)
                    at Object.&lt;anonymous> (/Users/anacarolinaoliveiradossantos/Documents/TheInternetProject/specs/login.spec.js:7:1)</stack-trace>
            </failure>
        </test-case>
        <test-case start='1614676781840' status='failed' stop='1614676782046'>
            <name>Check color flag with correct login</name>
            <title>Check color flag with correct login</title>
            <labels/>
            <parameters/>
            <steps/>
            <attachments/>
            <failure>
                <message>Failed: Cannot read property 'sendKeys' of undefined</message>
                <stack-trace>TypeError: Cannot read property 'sendKeys' of undefined
                    at UserContext.&lt;anonymous> (/Users/anacarolinaoliveiradossantos/Documents/TheInternetProject/specs/login.spec.js:127:31)
                    at /Users/anacarolinaoliveiradossantos/Documents/TheInternetProject/node_modules/jasminewd2/index.js:112:25
                    at new ManagedPromise (/Users/anacarolinaoliveiradossantos/Documents/TheInternetProject/node_modules/selenium-webdriver/lib/promise.js:1077:7)
                    at ControlFlow.promise (/Users/anacarolinaoliveiradossantos/Documents/TheInternetProject/node_modules/selenium-webdriver/lib/promise.js:2505:12)
                    at schedulerExecute (/Users/anacarolinaoliveiradossantos/Documents/TheInternetProject/node_modules/jasminewd2/index.js:95:18)
                    at TaskQueue.execute_ (/Users/anacarolinaoliveiradossantos/Documents/TheInternetProject/node_modules/selenium-webdriver/lib/promise.js:3084:14)
                    at TaskQueue.executeNext_ (/Users/anacarolinaoliveiradossantos/Documents/TheInternetProject/node_modules/selenium-webdriver/lib/promise.js:3067:27)
                    at /Users/anacarolinaoliveiradossantos/Documents/TheInternetProject/node_modules/selenium-webdriver/lib/promise.js:2974:25
                    at /Users/anacarolinaoliveiradossantos/Documents/TheInternetProject/node_modules/selenium-webdriver/lib/promise.js:668:7
                    at processTicksAndRejections (internal/process/task_queues.js:97:5)
                From: Task: Run it("Check color flag with correct login") in control flow
                    at UserContext.&lt;anonymous> (/Users/anacarolinaoliveiradossantos/Documents/TheInternetProject/node_modules/jasminewd2/index.js:94:19)
                    at attempt (/Users/anacarolinaoliveiradossantos/Documents/TheInternetProject/node_modules/jasmine-core/lib/jasmine-core/jasmine.js:4297:26)
                    at QueueRunner.run (/Users/anacarolinaoliveiradossantos/Documents/TheInternetProject/node_modules/jasmine-core/lib/jasmine-core/jasmine.js:4217:20)
                    at runNext (/Users/anacarolinaoliveiradossantos/Documents/TheInternetProject/node_modules/jasmine-core/lib/jasmine-core/jasmine.js:4257:20)
                    at /Users/anacarolinaoliveiradossantos/Documents/TheInternetProject/node_modules/jasmine-core/lib/jasmine-core/jasmine.js:4264:13
                    at /Users/anacarolinaoliveiradossantos/Documents/TheInternetProject/node_modules/jasmine-core/lib/jasmine-core/jasmine.js:4172:9
                    at /Users/anacarolinaoliveiradossantos/Documents/TheInternetProject/node_modules/jasminewd2/index.js:64:48
                    at ControlFlow.emit (/Users/anacarolinaoliveiradossantos/Documents/TheInternetProject/node_modules/selenium-webdriver/lib/events.js:62:21)
                    at ControlFlow.shutdown_ (/Users/anacarolinaoliveiradossantos/Documents/TheInternetProject/node_modules/selenium-webdriver/lib/promise.js:2674:10)
                    at /Users/anacarolinaoliveiradossantos/Documents/TheInternetProject/node_modules/selenium-webdriver/lib/promise.js:2599:53
                From asynchronous test: 
                Error
                    at Suite.&lt;anonymous> (/Users/anacarolinaoliveiradossantos/Documents/TheInternetProject/specs/login.spec.js:126:5)
                    at addSpecsToSuite (/Users/anacarolinaoliveiradossantos/Documents/TheInternetProject/node_modules/jasmine-core/lib/jasmine-core/jasmine.js:1107:25)
                    at Env.describe (/Users/anacarolinaoliveiradossantos/Documents/TheInternetProject/node_modules/jasmine-core/lib/jasmine-core/jasmine.js:1074:7)
                    at describe (/Users/anacarolinaoliveiradossantos/Documents/TheInternetProject/node_modules/jasmine-core/lib/jasmine-core/jasmine.js:4399:18)
                    at Suite.&lt;anonymous> (/Users/anacarolinaoliveiradossantos/Documents/TheInternetProject/specs/login.spec.js:21:3)
                    at addSpecsToSuite (/Users/anacarolinaoliveiradossantos/Documents/TheInternetProject/node_modules/jasmine-core/lib/jasmine-core/jasmine.js:1107:25)
                    at Env.describe (/Users/anacarolinaoliveiradossantos/Documents/TheInternetProject/node_modules/jasmine-core/lib/jasmine-core/jasmine.js:1074:7)
                    at describe (/Users/anacarolinaoliveiradossantos/Documents/TheInternetProject/node_modules/jasmine-core/lib/jasmine-core/jasmine.js:4399:18)
                    at Object.&lt;anonymous> (/Users/anacarolinaoliveiradossantos/Documents/TheInternetProject/specs/login.spec.js:7:1)</stack-trace>
            </failure>
        </test-case>
        <test-case start='1614676782046' status='pending' stop='1614676782046'>
            <name>Check if logout and press browser back button return to login page</name>
            <title>Check if logout and press browser back button return to login page</title>
            <labels/>
            <parameters/>
            <steps/>
            <attachments/>
            <failure>
                <message>Temporarily disabled with xit</message>
                <stack-trace></stack-trace>
            </failure>
        </test-case>
    </test-cases>
</ns2:test-suite>